<?xml version="1.0" encoding="UTF-8"?>
<testng-results skipped="0" failed="0" ignored="0" total="1" passed="1">
  <reporter-output>
  </reporter-output>
  <suite name="Suite" duration-ms="18668" started-at="2021-05-16T22:11:15 EDT" finished-at="2021-05-16T22:11:34 EDT">
    <groups>
    </groups>
    <test name="Test" duration-ms="18668" started-at="2021-05-16T22:11:15 EDT" finished-at="2021-05-16T22:11:34 EDT">
      <class name="com.fullstack.ApiTest">
        <test-method status="PASS" signature="dummyTest()[pri:0, instance:com.fullstack.ApiTest@59906517]" name="dummyTest" duration-ms="18411" started-at="2021-05-16T22:11:15 EDT" finished-at="2021-05-16T22:11:34 EDT">
          <reporter-output>
          </reporter-output>
        </test-method> <!-- dummyTest -->
      </class> <!-- com.fullstack.ApiTest -->
    </test> <!-- Test -->
  </suite> <!-- Suite -->
</testng-results>
